number of samples: 10000, dimensionality: 100

	Data file: test_files/input100D.inp 
	Points: 10000
	Dimensions: 100
	Number of clusters: 15
	Maximum number of iterations: 5000
	Minimum number of changes: 100 [1% of 10000 points]
	Maximum centroid precision: 0.000100

Memory allocation: 0.072695 seconds

[1] Cluster changes: 10000	Max. centroid distance: 480.327942
[2] Cluster changes: 1932	Max. centroid distance: 31.397558
[3] Cluster changes: 1195	Max. centroid distance: 20.112961
[4] Cluster changes: 896	Max. centroid distance: 15.947461
[5] Cluster changes: 701	Max. centroid distance: 14.604403
[6] Cluster changes: 545	Max. centroid distance: 12.899304
[7] Cluster changes: 414	Max. centroid distance: 10.224080
[8] Cluster changes: 355	Max. centroid distance: 8.509665
[9] Cluster changes: 315	Max. centroid distance: 8.067004
[10] Cluster changes: 267	Max. centroid distance: 7.852424
[11] Cluster changes: 217	Max. centroid distance: 6.642304
[12] Cluster changes: 161	Max. centroid distance: 5.413270
[13] Cluster changes: 139	Max. centroid distance: 5.347886
[14] Cluster changes: 98	Max. centroid distance: 4.577038
Computation: 0.130122 seconds

Termination condition:
Minimum number of changes reached: 98 [100]

Memory deallocation: 0.001115 seconds
