number of samples: 100000, dimensionality: 100

	Data file: test_files/input100D2.inp 
	Points: 100000
	Dimensions: 100
	Number of clusters: 15
	Maximum number of iterations: 5000
	Minimum number of changes: 1000 [1% of 100000 points]
	Maximum centroid precision: 0.000100

Memory allocation: 0.696934 seconds

[1] Cluster changes: 100000	Max. centroid distance: 491.273895
[2] Cluster changes: 15946	Max. centroid distance: 20.458641
[3] Cluster changes: 8052	Max. centroid distance: 10.401004
[4] Cluster changes: 6023	Max. centroid distance: 7.317730
[5] Cluster changes: 5223	Max. centroid distance: 6.777178
[6] Cluster changes: 4691	Max. centroid distance: 6.111865
[7] Cluster changes: 4245	Max. centroid distance: 5.677353
[8] Cluster changes: 3924	Max. centroid distance: 5.585662
[9] Cluster changes: 3655	Max. centroid distance: 4.992727
[10] Cluster changes: 3339	Max. centroid distance: 4.601106
[11] Cluster changes: 3066	Max. centroid distance: 4.868934
[12] Cluster changes: 2916	Max. centroid distance: 4.470446
[13] Cluster changes: 2808	Max. centroid distance: 4.515850
[14] Cluster changes: 2649	Max. centroid distance: 4.448833
[15] Cluster changes: 2481	Max. centroid distance: 4.438189
[16] Cluster changes: 2488	Max. centroid distance: 4.426743
[17] Cluster changes: 2359	Max. centroid distance: 4.126465
[18] Cluster changes: 2204	Max. centroid distance: 3.619000
[19] Cluster changes: 2144	Max. centroid distance: 3.482951
[20] Cluster changes: 2011	Max. centroid distance: 3.211943
[21] Cluster changes: 1883	Max. centroid distance: 3.029117
[22] Cluster changes: 1782	Max. centroid distance: 2.999367
[23] Cluster changes: 1790	Max. centroid distance: 2.940267
[24] Cluster changes: 1761	Max. centroid distance: 2.858325
[25] Cluster changes: 1697	Max. centroid distance: 2.724956
[26] Cluster changes: 1693	Max. centroid distance: 2.844268
[27] Cluster changes: 1601	Max. centroid distance: 2.695097
[28] Cluster changes: 1583	Max. centroid distance: 2.682179
[29] Cluster changes: 1543	Max. centroid distance: 2.770278
[30] Cluster changes: 1501	Max. centroid distance: 2.838958
[31] Cluster changes: 1522	Max. centroid distance: 3.008116
[32] Cluster changes: 1479	Max. centroid distance: 2.951256
[33] Cluster changes: 1477	Max. centroid distance: 3.225350
[34] Cluster changes: 1475	Max. centroid distance: 3.138426
[35] Cluster changes: 1473	Max. centroid distance: 3.487713
[36] Cluster changes: 1510	Max. centroid distance: 3.287945
[37] Cluster changes: 1520	Max. centroid distance: 3.358855
[38] Cluster changes: 1428	Max. centroid distance: 3.222343
[39] Cluster changes: 1415	Max. centroid distance: 2.892028
[40] Cluster changes: 1407	Max. centroid distance: 3.000963
[41] Cluster changes: 1354	Max. centroid distance: 2.972252
[42] Cluster changes: 1342	Max. centroid distance: 2.880064
[43] Cluster changes: 1324	Max. centroid distance: 2.869269
[44] Cluster changes: 1269	Max. centroid distance: 2.746022
[45] Cluster changes: 1259	Max. centroid distance: 2.744779
[46] Cluster changes: 1227	Max. centroid distance: 2.636615
[47] Cluster changes: 1171	Max. centroid distance: 2.492243
[48] Cluster changes: 1110	Max. centroid distance: 2.161643
[49] Cluster changes: 1056	Max. centroid distance: 2.296282
[50] Cluster changes: 1037	Max. centroid distance: 2.284164
[51] Cluster changes: 1027	Max. centroid distance: 2.137372
[52] Cluster changes: 987	Max. centroid distance: 2.214682
Computation: 4.917210 seconds

Termination condition:
Minimum number of changes reached: 987 [1000]

Memory deallocation: 0.006299 seconds
