
	Data file: test_files/input100D.inp 
	Points: 10000
	Dimensions: 100
	Number of clusters: 15
	Maximum number of iterations: 5000
	Minimum number of changes: 100 [1% of 10000 points]
	Maximum centroid precision: 0.000100

Memory allocation: 0.215015 seconds
Max shared memory: 49152
Max threads per block: 1024
Max threads per SM: 1024
Concurrent Kernels: true
32 bit registers per SM: 65536
Shared memory per SM: 65536
csize: 6000

[1] Cluster changes: 10000	Max. centroid distance: 280.593384
[2] Cluster changes: 1932	Max. centroid distance: 9.420177
[3] Cluster changes: 1195	Max. centroid distance: 7.713017
[4] Cluster changes: 896	Max. centroid distance: 5.930836
[5] Cluster changes: 701	Max. centroid distance: 6.478528
[6] Cluster changes: 545	Max. centroid distance: 4.552143
[7] Cluster changes: 414	Max. centroid distance: 4.682688
[8] Cluster changes: 355	Max. centroid distance: 4.861314
[9] Cluster changes: 315	Max. centroid distance: 4.552764
[10] Cluster changes: 267	Max. centroid distance: 4.206754
[11] Cluster changes: 217	Max. centroid distance: 2.580467
[12] Cluster changes: 161	Max. centroid distance: 2.084002
[13] Cluster changes: 139	Max. centroid distance: 2.978547
[14] Cluster changes: 98	Max. centroid distance: 2.375886
Computation: 0.007420 seconds

Termination condition:
Minimum number of changes reached: 98 [100]

Memory deallocation: 0.002730 seconds
