
	Data file: test_files/input2D.inp 
	Points: 5000
	Dimensions: 2
	Number of clusters: 15
	Maximum number of iterations: 5000
	Minimum number of changes: 50 [1% of 5000 points]
	Maximum centroid precision: 0.000100

Memory allocation: 0.099305 seconds
Max shared memory: 49152
Max threads per block: 1024
Max threads per SM: 1024
Concurrent Kernels: true
32 bit registers per SM: 65536
Shared memory per SM: 65536
csize: 120

[1] Cluster changes: 5000	Max. centroid distance: 167.820374
[2] Cluster changes: 731	Max. centroid distance: 69.635170
[3] Cluster changes: 328	Max. centroid distance: 33.168140
[4] Cluster changes: 210	Max. centroid distance: 21.700403
[5] Cluster changes: 166	Max. centroid distance: 13.159419
[6] Cluster changes: 146	Max. centroid distance: 16.670700
[7] Cluster changes: 120	Max. centroid distance: 11.204359
[8] Cluster changes: 93	Max. centroid distance: 7.050666
[9] Cluster changes: 91	Max. centroid distance: 12.360130
[10] Cluster changes: 92	Max. centroid distance: 9.041181
[11] Cluster changes: 68	Max. centroid distance: 2.555026
[12] Cluster changes: 40	Max. centroid distance: 1.511105
Computation: 0.000884 seconds

Termination condition:
Minimum number of changes reached: 40 [50]

Memory deallocation: 0.001779 seconds
