
	Data file: test_files/input2D2.inp 
	Points: 20
	Dimensions: 2
	Number of clusters: 15
	Maximum number of iterations: 5000
	Minimum number of changes: 0 [1% of 20 points]
	Maximum centroid precision: 0.000100

Memory allocation: 0.104099 seconds
Max shared memory: 49152
Max threads per block: 1024
Max threads per SM: 1024
Concurrent Kernels: true
32 bit registers per SM: 65536
Shared memory per SM: 65536
csize: 120

[1] Cluster changes: 20	Max. centroid distance: 22.940140
[2] Cluster changes: 0	Max. centroid distance: 0.000000
Computation: 0.000175 seconds

Termination condition:
Minimum number of changes reached: 0 [0]

Memory deallocation: 0.001082 seconds
